<?xml version="1.0" encoding="UTF-8"?>
<testsuites>
  <testsuite name="C:\Users\dell\OneDrive\Documents\File Manager\Group1.A-D\C\Code-Base\SDKs\Susu-Digital-SDKs\php\phpunit.xml" tests="98" assertions="204" errors="0" failures="0" skipped="0" time="0.155763">
    <testsuite name="Unit" tests="98" assertions="204" errors="0" failures="0" skipped="0" time="0.155763">
      <testsuite name="SusuDigital\Tests\Unit\BatchProcessorTest" file="C:\Users\dell\OneDrive\Documents\File Manager\Group1.A-D\C\Code-Base\SDKs\Susu-Digital-SDKs\php\tests\Unit\BatchProcessorTest.php" tests="8" assertions="23" errors="0" failures="0" skipped="0" time="0.104336">
        <testcase name="test_batch_result_success" file="C:\Users\dell\OneDrive\Documents\File Manager\Group1.A-D\C\Code-Base\SDKs\Susu-Digital-SDKs\php\tests\Unit\BatchProcessorTest.php" line="52" class="SusuDigital\Tests\Unit\BatchProcessorTest" classname="SusuDigital.Tests.Unit.BatchProcessorTest" assertions="4" time="0.021421"/>
        <testcase name="test_batch_result_failure" file="C:\Users\dell\OneDrive\Documents\File Manager\Group1.A-D\C\Code-Base\SDKs\Susu-Digital-SDKs\php\tests\Unit\BatchProcessorTest.php" line="62" class="SusuDigital\Tests\Unit\BatchProcessorTest" classname="SusuDigital.Tests.Unit.BatchProcessorTest" assertions="4" time="0.000961"/>
        <testcase name="test_batch_results_counts" file="C:\Users\dell\OneDrive\Documents\File Manager\Group1.A-D\C\Code-Base\SDKs\Susu-Digital-SDKs\php\tests\Unit\BatchProcessorTest.php" line="77" class="SusuDigital\Tests\Unit\BatchProcessorTest" classname="SusuDigital.Tests.Unit.BatchProcessorTest" assertions="5" time="0.001814"/>
        <testcase name="test_batch_results_is_iterable" file="C:\Users\dell\OneDrive\Documents\File Manager\Group1.A-D\C\Code-Base\SDKs\Susu-Digital-SDKs\php\tests\Unit\BatchProcessorTest.php" line="91" class="SusuDigital\Tests\Unit\BatchProcessorTest" classname="SusuDigital.Tests.Unit.BatchProcessorTest" assertions="2" time="0.001186"/>
        <testcase name="test_create_batch_all_success" file="C:\Users\dell\OneDrive\Documents\File Manager\Group1.A-D\C\Code-Base\SDKs\Susu-Digital-SDKs\php\tests\Unit\BatchProcessorTest.php" line="109" class="SusuDigital\Tests\Unit\BatchProcessorTest" classname="SusuDigital.Tests.Unit.BatchProcessorTest" assertions="2" time="0.058709"/>
        <testcase name="test_create_batch_partial_failure_isolated" file="C:\Users\dell\OneDrive\Documents\File Manager\Group1.A-D\C\Code-Base\SDKs\Susu-Digital-SDKs\php\tests\Unit\BatchProcessorTest.php" line="132" class="SusuDigital\Tests\Unit\BatchProcessorTest" classname="SusuDigital.Tests.Unit.BatchProcessorTest" assertions="2" time="0.015999"/>
        <testcase name="test_processor_magic_property_access" file="C:\Users\dell\OneDrive\Documents\File Manager\Group1.A-D\C\Code-Base\SDKs\Susu-Digital-SDKs\php\tests\Unit\BatchProcessorTest.php" line="156" class="SusuDigital\Tests\Unit\BatchProcessorTest" classname="SusuDigital.Tests.Unit.BatchProcessorTest" assertions="3" time="0.002680"/>
        <testcase name="test_processor_invalid_service_throws" file="C:\Users\dell\OneDrive\Documents\File Manager\Group1.A-D\C\Code-Base\SDKs\Susu-Digital-SDKs\php\tests\Unit\BatchProcessorTest.php" line="167" class="SusuDigital\Tests\Unit\BatchProcessorTest" classname="SusuDigital.Tests.Unit.BatchProcessorTest" assertions="1" time="0.001566"/>
      </testsuite>
      <testsuite name="SusuDigital\Tests\Unit\CustomerServiceTest" file="C:\Users\dell\OneDrive\Documents\File Manager\Group1.A-D\C\Code-Base\SDKs\Susu-Digital-SDKs\php\tests\Unit\CustomerServiceTest.php" tests="9" assertions="17" errors="0" failures="0" skipped="0" time="0.006994">
        <testcase name="test_create_returns_customer" file="C:\Users\dell\OneDrive\Documents\File Manager\Group1.A-D\C\Code-Base\SDKs\Susu-Digital-SDKs\php\tests\Unit\CustomerServiceTest.php" line="54" class="SusuDigital\Tests\Unit\CustomerServiceTest" classname="SusuDigital.Tests.Unit.CustomerServiceTest" assertions="3" time="0.000713"/>
        <testcase name="test_create_validates_phone_format" file="C:\Users\dell\OneDrive\Documents\File Manager\Group1.A-D\C\Code-Base\SDKs\Susu-Digital-SDKs\php\tests\Unit\CustomerServiceTest.php" line="68" class="SusuDigital\Tests\Unit\CustomerServiceTest" classname="SusuDigital.Tests.Unit.CustomerServiceTest" assertions="2" time="0.000957"/>
        <testcase name="test_get_returns_customer" file="C:\Users\dell\OneDrive\Documents\File Manager\Group1.A-D\C\Code-Base\SDKs\Susu-Digital-SDKs\php\tests\Unit\CustomerServiceTest.php" line="86" class="SusuDigital\Tests\Unit\CustomerServiceTest" classname="SusuDigital.Tests.Unit.CustomerServiceTest" assertions="1" time="0.000604"/>
        <testcase name="test_update_returns_updated_customer" file="C:\Users\dell\OneDrive\Documents\File Manager\Group1.A-D\C\Code-Base\SDKs\Susu-Digital-SDKs\php\tests\Unit\CustomerServiceTest.php" line="98" class="SusuDigital\Tests\Unit\CustomerServiceTest" classname="SusuDigital.Tests.Unit.CustomerServiceTest" assertions="1" time="0.000967"/>
        <testcase name="test_delete_sends_delete_request" file="C:\Users\dell\OneDrive\Documents\File Manager\Group1.A-D\C\Code-Base\SDKs\Susu-Digital-SDKs\php\tests\Unit\CustomerServiceTest.php" line="112" class="SusuDigital\Tests\Unit\CustomerServiceTest" classname="SusuDigital.Tests.Unit.CustomerServiceTest" assertions="1" time="0.000513"/>
        <testcase name="test_get_balance_returns_balance" file="C:\Users\dell\OneDrive\Documents\File Manager\Group1.A-D\C\Code-Base\SDKs\Susu-Digital-SDKs\php\tests\Unit\CustomerServiceTest.php" line="124" class="SusuDigital\Tests\Unit\CustomerServiceTest" classname="SusuDigital.Tests.Unit.CustomerServiceTest" assertions="3" time="0.000938"/>
        <testcase name="test_list_returns_paged_result" file="C:\Users\dell\OneDrive\Documents\File Manager\Group1.A-D\C\Code-Base\SDKs\Susu-Digital-SDKs\php\tests\Unit\CustomerServiceTest.php" line="145" class="SusuDigital\Tests\Unit\CustomerServiceTest" classname="SusuDigital.Tests.Unit.CustomerServiceTest" assertions="4" time="0.001224"/>
        <testcase name="test_list_with_status_enum_filter" file="C:\Users\dell\OneDrive\Documents\File Manager\Group1.A-D\C\Code-Base\SDKs\Susu-Digital-SDKs\php\tests\Unit\CustomerServiceTest.php" line="164" class="SusuDigital\Tests\Unit\CustomerServiceTest" classname="SusuDigital.Tests.Unit.CustomerServiceTest" assertions="1" time="0.000581"/>
        <testcase name="test_list_with_string_status_filter" file="C:\Users\dell\OneDrive\Documents\File Manager\Group1.A-D\C\Code-Base\SDKs\Susu-Digital-SDKs\php\tests\Unit\CustomerServiceTest.php" line="178" class="SusuDigital\Tests\Unit\CustomerServiceTest" classname="SusuDigital.Tests.Unit.CustomerServiceTest" assertions="1" time="0.000497"/>
      </testsuite>
      <testsuite name="SusuDigital\Tests\Unit\ExceptionsTest" file="C:\Users\dell\OneDrive\Documents\File Manager\Group1.A-D\C\Code-Base\SDKs\Susu-Digital-SDKs\php\tests\Unit\ExceptionsTest.php" tests="10" assertions="36" errors="0" failures="0" skipped="0" time="0.006083">
        <testcase name="test_base_exception_stores_all_fields" file="C:\Users\dell\OneDrive\Documents\File Manager\Group1.A-D\C\Code-Base\SDKs\Susu-Digital-SDKs\php\tests\Unit\ExceptionsTest.php" line="19" class="SusuDigital\Tests\Unit\ExceptionsTest" classname="SusuDigital.Tests.Unit.ExceptionsTest" assertions="6" time="0.000411"/>
        <testcase name="test_authentication_exception_defaults" file="C:\Users\dell\OneDrive\Documents\File Manager\Group1.A-D\C\Code-Base\SDKs\Susu-Digital-SDKs\php\tests\Unit\ExceptionsTest.php" line="38" class="SusuDigital\Tests\Unit\ExceptionsTest" classname="SusuDigital.Tests.Unit.ExceptionsTest" assertions="4" time="0.000796"/>
        <testcase name="test_validation_exception_carries_field_errors" file="C:\Users\dell\OneDrive\Documents\File Manager\Group1.A-D\C\Code-Base\SDKs\Susu-Digital-SDKs\php\tests\Unit\ExceptionsTest.php" line="48" class="SusuDigital\Tests\Unit\ExceptionsTest" classname="SusuDigital.Tests.Unit.ExceptionsTest" assertions="4" time="0.000437"/>
        <testcase name="test_not_found_exception_defaults" file="C:\Users\dell\OneDrive\Documents\File Manager\Group1.A-D\C\Code-Base\SDKs\Susu-Digital-SDKs\php\tests\Unit\ExceptionsTest.php" line="60" class="SusuDigital\Tests\Unit\ExceptionsTest" classname="SusuDigital.Tests.Unit.ExceptionsTest" assertions="2" time="0.000727"/>
        <testcase name="test_rate_limit_exception_carries_retry_after" file="C:\Users\dell\OneDrive\Documents\File Manager\Group1.A-D\C\Code-Base\SDKs\Susu-Digital-SDKs\php\tests\Unit\ExceptionsTest.php" line="67" class="SusuDigital\Tests\Unit\ExceptionsTest" classname="SusuDigital.Tests.Unit.ExceptionsTest" assertions="3" time="0.000724"/>
        <testcase name="test_server_exception_is_retryable" file="C:\Users\dell\OneDrive\Documents\File Manager\Group1.A-D\C\Code-Base\SDKs\Susu-Digital-SDKs\php\tests\Unit\ExceptionsTest.php" line="75" class="SusuDigital\Tests\Unit\ExceptionsTest" classname="SusuDigital.Tests.Unit.ExceptionsTest" assertions="2" time="0.000631"/>
        <testcase name="test_network_exception_is_retryable" file="C:\Users\dell\OneDrive\Documents\File Manager\Group1.A-D\C\Code-Base\SDKs\Susu-Digital-SDKs\php\tests\Unit\ExceptionsTest.php" line="82" class="SusuDigital\Tests\Unit\ExceptionsTest" classname="SusuDigital.Tests.Unit.ExceptionsTest" assertions="3" time="0.000563"/>
        <testcase name="test_webhook_signature_exception" file="C:\Users\dell\OneDrive\Documents\File Manager\Group1.A-D\C\Code-Base\SDKs\Susu-Digital-SDKs\php\tests\Unit\ExceptionsTest.php" line="90" class="SusuDigital\Tests\Unit\ExceptionsTest" classname="SusuDigital.Tests.Unit.ExceptionsTest" assertions="2" time="0.000517"/>
        <testcase name="test_to_string_includes_class_name_and_code" file="C:\Users\dell\OneDrive\Documents\File Manager\Group1.A-D\C\Code-Base\SDKs\Susu-Digital-SDKs\php\tests\Unit\ExceptionsTest.php" line="97" class="SusuDigital\Tests\Unit\ExceptionsTest" classname="SusuDigital.Tests.Unit.ExceptionsTest" assertions="3" time="0.000942"/>
        <testcase name="test_exception_hierarchy_is_correct" file="C:\Users\dell\OneDrive\Documents\File Manager\Group1.A-D\C\Code-Base\SDKs\Susu-Digital-SDKs\php\tests\Unit\ExceptionsTest.php" line="107" class="SusuDigital\Tests\Unit\ExceptionsTest" classname="SusuDigital.Tests.Unit.ExceptionsTest" assertions="7" time="0.000334"/>
      </testsuite>
      <testsuite name="SusuDigital\Tests\Unit\HttpClientTest" file="C:\Users\dell\OneDrive\Documents\File Manager\Group1.A-D\C\Code-Base\SDKs\Susu-Digital-SDKs\php\tests\Unit\HttpClientTest.php" tests="16" assertions="17" errors="0" failures="0" skipped="0" time="0.008656">
        <testcase name="test_get_returns_decoded_json" file="C:\Users\dell\OneDrive\Documents\File Manager\Group1.A-D\C\Code-Base\SDKs\Susu-Digital-SDKs\php\tests\Unit\HttpClientTest.php" line="56" class="SusuDigital\Tests\Unit\HttpClientTest" classname="SusuDigital.Tests.Unit.HttpClientTest" assertions="2" time="0.000541"/>
        <testcase name="test_post_returns_decoded_json" file="C:\Users\dell\OneDrive\Documents\File Manager\Group1.A-D\C\Code-Base\SDKs\Susu-Digital-SDKs\php\tests\Unit\HttpClientTest.php" line="68" class="SusuDigital\Tests\Unit\HttpClientTest" classname="SusuDigital.Tests.Unit.HttpClientTest" assertions="1" time="0.000471"/>
        <testcase name="test_empty_body_on_204_returns_empty_array" file="C:\Users\dell\OneDrive\Documents\File Manager\Group1.A-D\C\Code-Base\SDKs\Susu-Digital-SDKs\php\tests\Unit\HttpClientTest.php" line="79" class="SusuDigital\Tests\Unit\HttpClientTest" classname="SusuDigital.Tests.Unit.HttpClientTest" assertions="1" time="0.000688"/>
        <testcase name="test_401_raises_authentication_exception" file="C:\Users\dell\OneDrive\Documents\File Manager\Group1.A-D\C\Code-Base\SDKs\Susu-Digital-SDKs\php\tests\Unit\HttpClientTest.php" line="94" class="SusuDigital\Tests\Unit\HttpClientTest" classname="SusuDigital.Tests.Unit.HttpClientTest" assertions="1" time="0.000599"/>
        <testcase name="test_403_raises_authentication_exception" file="C:\Users\dell\OneDrive\Documents\File Manager\Group1.A-D\C\Code-Base\SDKs\Susu-Digital-SDKs\php\tests\Unit\HttpClientTest.php" line="105" class="SusuDigital\Tests\Unit\HttpClientTest" classname="SusuDigital.Tests.Unit.HttpClientTest" assertions="1" time="0.000568"/>
        <testcase name="test_404_raises_not_found_exception" file="C:\Users\dell\OneDrive\Documents\File Manager\Group1.A-D\C\Code-Base\SDKs\Susu-Digital-SDKs\php\tests\Unit\HttpClientTest.php" line="116" class="SusuDigital\Tests\Unit\HttpClientTest" classname="SusuDigital.Tests.Unit.HttpClientTest" assertions="1" time="0.000666"/>
        <testcase name="test_429_raises_rate_limit_exception" file="C:\Users\dell\OneDrive\Documents\File Manager\Group1.A-D\C\Code-Base\SDKs\Susu-Digital-SDKs\php\tests\Unit\HttpClientTest.php" line="127" class="SusuDigital\Tests\Unit\HttpClientTest" classname="SusuDigital.Tests.Unit.HttpClientTest" assertions="1" time="0.000709"/>
        <testcase name="test_429_carries_retry_after_value" file="C:\Users\dell\OneDrive\Documents\File Manager\Group1.A-D\C\Code-Base\SDKs\Susu-Digital-SDKs\php\tests\Unit\HttpClientTest.php" line="139" class="SusuDigital\Tests\Unit\HttpClientTest" classname="SusuDigital.Tests.Unit.HttpClientTest" assertions="1" time="0.000578"/>
        <testcase name="test_422_raises_validation_exception" file="C:\Users\dell\OneDrive\Documents\File Manager\Group1.A-D\C\Code-Base\SDKs\Susu-Digital-SDKs\php\tests\Unit\HttpClientTest.php" line="154" class="SusuDigital\Tests\Unit\HttpClientTest" classname="SusuDigital.Tests.Unit.HttpClientTest" assertions="1" time="0.000549"/>
        <testcase name="test_validation_exception_carries_field_errors" file="C:\Users\dell\OneDrive\Documents\File Manager\Group1.A-D\C\Code-Base\SDKs\Susu-Digital-SDKs\php\tests\Unit\HttpClientTest.php" line="169" class="SusuDigital\Tests\Unit\HttpClientTest" classname="SusuDigital.Tests.Unit.HttpClientTest" assertions="1" time="0.000570"/>
        <testcase name="test_500_raises_server_exception" file="C:\Users\dell\OneDrive\Documents\File Manager\Group1.A-D\C\Code-Base\SDKs\Susu-Digital-SDKs\php\tests\Unit\HttpClientTest.php" line="186" class="SusuDigital\Tests\Unit\HttpClientTest" classname="SusuDigital.Tests.Unit.HttpClientTest" assertions="1" time="0.000432"/>
        <testcase name="test_503_raises_server_exception" file="C:\Users\dell\OneDrive\Documents\File Manager\Group1.A-D\C\Code-Base\SDKs\Susu-Digital-SDKs\php\tests\Unit\HttpClientTest.php" line="197" class="SusuDigital\Tests\Unit\HttpClientTest" classname="SusuDigital.Tests.Unit.HttpClientTest" assertions="1" time="0.000452"/>
        <testcase name="test_non_json_error_body_is_handled_gracefully" file="C:\Users\dell\OneDrive\Documents\File Manager\Group1.A-D\C\Code-Base\SDKs\Susu-Digital-SDKs\php\tests\Unit\HttpClientTest.php" line="212" class="SusuDigital\Tests\Unit\HttpClientTest" classname="SusuDigital.Tests.Unit.HttpClientTest" assertions="1" time="0.000439"/>
        <testcase name="test_request_id_header_is_captured" file="C:\Users\dell\OneDrive\Documents\File Manager\Group1.A-D\C\Code-Base\SDKs\Susu-Digital-SDKs\php\tests\Unit\HttpClientTest.php" line="226" class="SusuDigital\Tests\Unit\HttpClientTest" classname="SusuDigital.Tests.Unit.HttpClientTest" assertions="1" time="0.000425"/>
        <testcase name="test_put_sends_json_body" file="C:\Users\dell\OneDrive\Documents\File Manager\Group1.A-D\C\Code-Base\SDKs\Susu-Digital-SDKs\php\tests\Unit\HttpClientTest.php" line="246" class="SusuDigital\Tests\Unit\HttpClientTest" classname="SusuDigital.Tests.Unit.HttpClientTest" assertions="1" time="0.000476"/>
        <testcase name="test_patch_sends_json_body" file="C:\Users\dell\OneDrive\Documents\File Manager\Group1.A-D\C\Code-Base\SDKs\Susu-Digital-SDKs\php\tests\Unit\HttpClientTest.php" line="257" class="SusuDigital\Tests\Unit\HttpClientTest" classname="SusuDigital.Tests.Unit.HttpClientTest" assertions="1" time="0.000492"/>
      </testsuite>
      <testsuite name="SusuDigital\Tests\Unit\LoanServiceTest" file="C:\Users\dell\OneDrive\Documents\File Manager\Group1.A-D\C\Code-Base\SDKs\Susu-Digital-SDKs\php\tests\Unit\LoanServiceTest.php" tests="7" assertions="12" errors="0" failures="0" skipped="0" time="0.005498">
        <testcase name="test_create_application_returns_loan" file="C:\Users\dell\OneDrive\Documents\File Manager\Group1.A-D\C\Code-Base\SDKs\Susu-Digital-SDKs\php\tests\Unit\LoanServiceTest.php" line="48" class="SusuDigital\Tests\Unit\LoanServiceTest" classname="SusuDigital.Tests.Unit.LoanServiceTest" assertions="3" time="0.001475"/>
        <testcase name="test_approve_returns_updated_loan" file="C:\Users\dell\OneDrive\Documents\File Manager\Group1.A-D\C\Code-Base\SDKs\Susu-Digital-SDKs\php\tests\Unit\LoanServiceTest.php" line="65" class="SusuDigital\Tests\Unit\LoanServiceTest" classname="SusuDigital.Tests.Unit.LoanServiceTest" assertions="1" time="0.000577"/>
        <testcase name="test_disburse_returns_updated_loan" file="C:\Users\dell\OneDrive\Documents\File Manager\Group1.A-D\C\Code-Base\SDKs\Susu-Digital-SDKs\php\tests\Unit\LoanServiceTest.php" line="79" class="SusuDigital\Tests\Unit\LoanServiceTest" classname="SusuDigital.Tests.Unit.LoanServiceTest" assertions="1" time="0.001053"/>
        <testcase name="test_record_repayment_returns_array" file="C:\Users\dell\OneDrive\Documents\File Manager\Group1.A-D\C\Code-Base\SDKs\Susu-Digital-SDKs\php\tests\Unit\LoanServiceTest.php" line="91" class="SusuDigital\Tests\Unit\LoanServiceTest" classname="SusuDigital.Tests.Unit.LoanServiceTest" assertions="1" time="0.000527"/>
        <testcase name="test_get_returns_loan" file="C:\Users\dell\OneDrive\Documents\File Manager\Group1.A-D\C\Code-Base\SDKs\Susu-Digital-SDKs\php\tests\Unit\LoanServiceTest.php" line="103" class="SusuDigital\Tests\Unit\LoanServiceTest" classname="SusuDigital.Tests.Unit.LoanServiceTest" assertions="1" time="0.000442"/>
        <testcase name="test_get_schedule_returns_schedule_items" file="C:\Users\dell\OneDrive\Documents\File Manager\Group1.A-D\C\Code-Base\SDKs\Susu-Digital-SDKs\php\tests\Unit\LoanServiceTest.php" line="111" class="SusuDigital\Tests\Unit\LoanServiceTest" classname="SusuDigital.Tests.Unit.LoanServiceTest" assertions="3" time="0.000900"/>
        <testcase name="test_list_returns_paged_result" file="C:\Users\dell\OneDrive\Documents\File Manager\Group1.A-D\C\Code-Base\SDKs\Susu-Digital-SDKs\php\tests\Unit\LoanServiceTest.php" line="134" class="SusuDigital\Tests\Unit\LoanServiceTest" classname="SusuDigital.Tests.Unit.LoanServiceTest" assertions="2" time="0.000522"/>
      </testsuite>
      <testsuite name="SusuDigital\Tests\Unit\ModelsTest" file="C:\Users\dell\OneDrive\Documents\File Manager\Group1.A-D\C\Code-Base\SDKs\Susu-Digital-SDKs\php\tests\Unit\ModelsTest.php" tests="18" assertions="49" errors="0" failures="0" skipped="0" time="0.009602">
        <testcase name="test_customer_hydration_from_array" file="C:\Users\dell\OneDrive\Documents\File Manager\Group1.A-D\C\Code-Base\SDKs\Susu-Digital-SDKs\php\tests\Unit\ModelsTest.php" line="31" class="SusuDigital\Tests\Unit\ModelsTest" classname="SusuDigital.Tests.Unit.ModelsTest" assertions="5" time="0.000355"/>
        <testcase name="test_customer_full_name" file="C:\Users\dell\OneDrive\Documents\File Manager\Group1.A-D\C\Code-Base\SDKs\Susu-Digital-SDKs\php\tests\Unit\ModelsTest.php" line="50" class="SusuDigital\Tests\Unit\ModelsTest" classname="SusuDigital.Tests.Unit.ModelsTest" assertions="1" time="0.000240"/>
        <testcase name="test_customer_hydrates_nested_address" file="C:\Users\dell\OneDrive\Documents\File Manager\Group1.A-D\C\Code-Base\SDKs\Susu-Digital-SDKs\php\tests\Unit\ModelsTest.php" line="56" class="SusuDigital\Tests\Unit\ModelsTest" classname="SusuDigital.Tests.Unit.ModelsTest" assertions="3" time="0.000717"/>
        <testcase name="test_customer_to_array_excludes_nulls" file="C:\Users\dell\OneDrive\Documents\File Manager\Group1.A-D\C\Code-Base\SDKs\Susu-Digital-SDKs\php\tests\Unit\ModelsTest.php" line="73" class="SusuDigital\Tests\Unit\ModelsTest" classname="SusuDigital.Tests.Unit.ModelsTest" assertions="3" time="0.001039"/>
        <testcase name="test_customer_to_json" file="C:\Users\dell\OneDrive\Documents\File Manager\Group1.A-D\C\Code-Base\SDKs\Susu-Digital-SDKs\php\tests\Unit\ModelsTest.php" line="89" class="SusuDigital\Tests\Unit\ModelsTest" classname="SusuDigital.Tests.Unit.ModelsTest" assertions="2" time="0.001075"/>
        <testcase name="test_transaction_hydration" file="C:\Users\dell\OneDrive\Documents\File Manager\Group1.A-D\C\Code-Base\SDKs\Susu-Digital-SDKs\php\tests\Unit\ModelsTest.php" line="103" class="SusuDigital\Tests\Unit\ModelsTest" classname="SusuDigital.Tests.Unit.ModelsTest" assertions="3" time="0.000673"/>
        <testcase name="test_loan_hydration_with_guarantors" file="C:\Users\dell\OneDrive\Documents\File Manager\Group1.A-D\C\Code-Base\SDKs\Susu-Digital-SDKs\php\tests\Unit\ModelsTest.php" line="123" class="SusuDigital\Tests\Unit\ModelsTest" classname="SusuDigital.Tests.Unit.ModelsTest" assertions="3" time="0.000598"/>
        <testcase name="test_loan_hydration_with_collateral" file="C:\Users\dell\OneDrive\Documents\File Manager\Group1.A-D\C\Code-Base\SDKs\Susu-Digital-SDKs\php\tests\Unit\ModelsTest.php" line="144" class="SusuDigital\Tests\Unit\ModelsTest" classname="SusuDigital.Tests.Unit.ModelsTest" assertions="3" time="0.000848"/>
        <testcase name="test_savings_account_has_defaults" file="C:\Users\dell\OneDrive\Documents\File Manager\Group1.A-D\C\Code-Base\SDKs\Susu-Digital-SDKs\php\tests\Unit\ModelsTest.php" line="163" class="SusuDigital\Tests\Unit\ModelsTest" classname="SusuDigital.Tests.Unit.ModelsTest" assertions="3" time="0.000797"/>
        <testcase name="test_paged_result_total_pages" file="C:\Users\dell\OneDrive\Documents\File Manager\Group1.A-D\C\Code-Base\SDKs\Susu-Digital-SDKs\php\tests\Unit\ModelsTest.php" line="179" class="SusuDigital\Tests\Unit\ModelsTest" classname="SusuDigital.Tests.Unit.ModelsTest" assertions="1" time="0.000222"/>
        <testcase name="test_paged_result_zero_limit" file="C:\Users\dell\OneDrive\Documents\File Manager\Group1.A-D\C\Code-Base\SDKs\Susu-Digital-SDKs\php\tests\Unit\ModelsTest.php" line="188" class="SusuDigital\Tests\Unit\ModelsTest" classname="SusuDigital.Tests.Unit.ModelsTest" assertions="1" time="0.000173"/>
        <testcase name="test_webhook_event_hydration" file="C:\Users\dell\OneDrive\Documents\File Manager\Group1.A-D\C\Code-Base\SDKs\Susu-Digital-SDKs\php\tests\Unit\ModelsTest.php" line="201" class="SusuDigital\Tests\Unit\ModelsTest" classname="SusuDigital.Tests.Unit.ModelsTest" assertions="3" time="0.000644"/>
        <testcase name="test_customer_status_enum_values" file="C:\Users\dell\OneDrive\Documents\File Manager\Group1.A-D\C\Code-Base\SDKs\Susu-Digital-SDKs\php\tests\Unit\ModelsTest.php" line="220" class="SusuDigital\Tests\Unit\ModelsTest" classname="SusuDigital.Tests.Unit.ModelsTest" assertions="4" time="0.000249"/>
        <testcase name="test_transaction_type_enum_values" file="C:\Users\dell\OneDrive\Documents\File Manager\Group1.A-D\C\Code-Base\SDKs\Susu-Digital-SDKs\php\tests\Unit\ModelsTest.php" line="228" class="SusuDigital\Tests\Unit\ModelsTest" classname="SusuDigital.Tests.Unit.ModelsTest" assertions="3" time="0.000552"/>
        <testcase name="test_loan_status_enum_values" file="C:\Users\dell\OneDrive\Documents\File Manager\Group1.A-D\C\Code-Base\SDKs\Susu-Digital-SDKs\php\tests\Unit\ModelsTest.php" line="235" class="SusuDigital\Tests\Unit\ModelsTest" classname="SusuDigital.Tests.Unit.ModelsTest" assertions="3" time="0.000221"/>
        <testcase name="test_savings_account_type_enum_values" file="C:\Users\dell\OneDrive\Documents\File Manager\Group1.A-D\C\Code-Base\SDKs\Susu-Digital-SDKs\php\tests\Unit\ModelsTest.php" line="242" class="SusuDigital\Tests\Unit\ModelsTest" classname="SusuDigital.Tests.Unit.ModelsTest" assertions="3" time="0.000602"/>
        <testcase name="test_collateral_type_enum_values" file="C:\Users\dell\OneDrive\Documents\File Manager\Group1.A-D\C\Code-Base\SDKs\Susu-Digital-SDKs\php\tests\Unit\ModelsTest.php" line="249" class="SusuDigital\Tests\Unit\ModelsTest" classname="SusuDigital.Tests.Unit.ModelsTest" assertions="3" time="0.000323"/>
        <testcase name="test_from_array_static_constructor" file="C:\Users\dell\OneDrive\Documents\File Manager\Group1.A-D\C\Code-Base\SDKs\Susu-Digital-SDKs\php\tests\Unit\ModelsTest.php" line="260" class="SusuDigital\Tests\Unit\ModelsTest" classname="SusuDigital.Tests.Unit.ModelsTest" assertions="2" time="0.000273"/>
      </testsuite>
      <testsuite name="SusuDigital\Tests\Unit\SusuDigitalClientTest" file="C:\Users\dell\OneDrive\Documents\File Manager\Group1.A-D\C\Code-Base\SDKs\Susu-Digital-SDKs\php\tests\Unit\SusuDigitalClientTest.php" tests="8" assertions="16" errors="0" failures="0" skipped="0" time="0.003962">
        <testcase name="test_client_can_be_instantiated" file="C:\Users\dell\OneDrive\Documents\File Manager\Group1.A-D\C\Code-Base\SDKs\Susu-Digital-SDKs\php\tests\Unit\SusuDigitalClientTest.php" line="39" class="SusuDigital\Tests\Unit\SusuDigitalClientTest" classname="SusuDigital.Tests.Unit.SusuDigitalClientTest" assertions="1" time="0.000309"/>
        <testcase name="test_client_exposes_all_services" file="C:\Users\dell\OneDrive\Documents\File Manager\Group1.A-D\C\Code-Base\SDKs\Susu-Digital-SDKs\php\tests\Unit\SusuDigitalClientTest.php" line="45" class="SusuDigital\Tests\Unit\SusuDigitalClientTest" classname="SusuDigital.Tests.Unit.SusuDigitalClientTest" assertions="5" time="0.000699"/>
        <testcase name="test_client_services_are_same_instances" file="C:\Users\dell\OneDrive\Documents\File Manager\Group1.A-D\C\Code-Base\SDKs\Susu-Digital-SDKs\php\tests\Unit\SusuDigitalClientTest.php" line="56" class="SusuDigital\Tests\Unit\SusuDigitalClientTest" classname="SusuDigital.Tests.Unit.SusuDigitalClientTest" assertions="2" time="0.000380"/>
        <testcase name="test_to_string_contains_version" file="C:\Users\dell\OneDrive\Documents\File Manager\Group1.A-D\C\Code-Base\SDKs\Susu-Digital-SDKs\php\tests\Unit\SusuDigitalClientTest.php" line="69" class="SusuDigital\Tests\Unit\SusuDigitalClientTest" classname="SusuDigital.Tests.Unit.SusuDigitalClientTest" assertions="2" time="0.000323"/>
        <testcase name="test_customers_create_via_client" file="C:\Users\dell\OneDrive\Documents\File Manager\Group1.A-D\C\Code-Base\SDKs\Susu-Digital-SDKs\php\tests\Unit\SusuDigitalClientTest.php" line="82" class="SusuDigital\Tests\Unit\SusuDigitalClientTest" classname="SusuDigital.Tests.Unit.SusuDigitalClientTest" assertions="2" time="0.000869"/>
        <testcase name="test_transactions_deposit_via_client" file="C:\Users\dell\OneDrive\Documents\File Manager\Group1.A-D\C\Code-Base\SDKs\Susu-Digital-SDKs\php\tests\Unit\SusuDigitalClientTest.php" line="104" class="SusuDigital\Tests\Unit\SusuDigitalClientTest" classname="SusuDigital.Tests.Unit.SusuDigitalClientTest" assertions="2" time="0.000619"/>
        <testcase name="test_client_accepts_production_environment" file="C:\Users\dell\OneDrive\Documents\File Manager\Group1.A-D\C\Code-Base\SDKs\Susu-Digital-SDKs\php\tests\Unit\SusuDigitalClientTest.php" line="130" class="SusuDigital\Tests\Unit\SusuDigitalClientTest" classname="SusuDigital.Tests.Unit.SusuDigitalClientTest" assertions="1" time="0.000253"/>
        <testcase name="test_client_accepts_custom_headers" file="C:\Users\dell\OneDrive\Documents\File Manager\Group1.A-D\C\Code-Base\SDKs\Susu-Digital-SDKs\php\tests\Unit\SusuDigitalClientTest.php" line="146" class="SusuDigital\Tests\Unit\SusuDigitalClientTest" classname="SusuDigital.Tests.Unit.SusuDigitalClientTest" assertions="1" time="0.000508"/>
      </testsuite>
      <testsuite name="SusuDigital\Tests\Unit\TransactionServiceTest" file="C:\Users\dell\OneDrive\Documents\File Manager\Group1.A-D\C\Code-Base\SDKs\Susu-Digital-SDKs\php\tests\Unit\TransactionServiceTest.php" tests="8" assertions="12" errors="0" failures="0" skipped="0" time="0.004791">
        <testcase name="test_deposit_returns_transaction" file="C:\Users\dell\OneDrive\Documents\File Manager\Group1.A-D\C\Code-Base\SDKs\Susu-Digital-SDKs\php\tests\Unit\TransactionServiceTest.php" line="47" class="SusuDigital\Tests\Unit\TransactionServiceTest" classname="SusuDigital.Tests.Unit.TransactionServiceTest" assertions="3" time="0.000693"/>
        <testcase name="test_withdraw_returns_transaction" file="C:\Users\dell\OneDrive\Documents\File Manager\Group1.A-D\C\Code-Base\SDKs\Susu-Digital-SDKs\php\tests\Unit\TransactionServiceTest.php" line="60" class="SusuDigital\Tests\Unit\TransactionServiceTest" classname="SusuDigital.Tests.Unit.TransactionServiceTest" assertions="1" time="0.000596"/>
        <testcase name="test_transfer_returns_transaction" file="C:\Users\dell\OneDrive\Documents\File Manager\Group1.A-D\C\Code-Base\SDKs\Susu-Digital-SDKs\php\tests\Unit\TransactionServiceTest.php" line="71" class="SusuDigital\Tests\Unit\TransactionServiceTest" classname="SusuDigital.Tests.Unit.TransactionServiceTest" assertions="1" time="0.000607"/>
        <testcase name="test_transfer_validates_different_customers" file="C:\Users\dell\OneDrive\Documents\File Manager\Group1.A-D\C\Code-Base\SDKs\Susu-Digital-SDKs\php\tests\Unit\TransactionServiceTest.php" line="83" class="SusuDigital\Tests\Unit\TransactionServiceTest" classname="SusuDigital.Tests.Unit.TransactionServiceTest" assertions="2" time="0.000365"/>
        <testcase name="test_get_returns_transaction" file="C:\Users\dell\OneDrive\Documents\File Manager\Group1.A-D\C\Code-Base\SDKs\Susu-Digital-SDKs\php\tests\Unit\TransactionServiceTest.php" line="96" class="SusuDigital\Tests\Unit\TransactionServiceTest" classname="SusuDigital.Tests.Unit.TransactionServiceTest" assertions="1" time="0.000462"/>
        <testcase name="test_list_returns_paged_result" file="C:\Users\dell\OneDrive\Documents\File Manager\Group1.A-D\C\Code-Base\SDKs\Susu-Digital-SDKs\php\tests\Unit\TransactionServiceTest.php" line="104" class="SusuDigital\Tests\Unit\TransactionServiceTest" classname="SusuDigital.Tests.Unit.TransactionServiceTest" assertions="2" time="0.000503"/>
        <testcase name="test_list_with_type_enum_filter" file="C:\Users\dell\OneDrive\Documents\File Manager\Group1.A-D\C\Code-Base\SDKs\Susu-Digital-SDKs\php\tests\Unit\TransactionServiceTest.php" line="121" class="SusuDigital\Tests\Unit\TransactionServiceTest" classname="SusuDigital.Tests.Unit.TransactionServiceTest" assertions="1" time="0.000453"/>
        <testcase name="test_list_with_string_type_and_status_filter" file="C:\Users\dell\OneDrive\Documents\File Manager\Group1.A-D\C\Code-Base\SDKs\Susu-Digital-SDKs\php\tests\Unit\TransactionServiceTest.php" line="135" class="SusuDigital\Tests\Unit\TransactionServiceTest" classname="SusuDigital.Tests.Unit.TransactionServiceTest" assertions="1" time="0.001113"/>
      </testsuite>
      <testsuite name="SusuDigital\Tests\Unit\WebhookHandlerTest" file="C:\Users\dell\OneDrive\Documents\File Manager\Group1.A-D\C\Code-Base\SDKs\Susu-Digital-SDKs\php\tests\Unit\WebhookHandlerTest.php" tests="14" assertions="22" errors="0" failures="0" skipped="0" time="0.005842">
        <testcase name="test_construct_event_with_valid_signature" file="C:\Users\dell\OneDrive\Documents\File Manager\Group1.A-D\C\Code-Base\SDKs\Susu-Digital-SDKs\php\tests\Unit\WebhookHandlerTest.php" line="47" class="SusuDigital\Tests\Unit\WebhookHandlerTest" classname="SusuDigital.Tests.Unit.WebhookHandlerTest" assertions="3" time="0.002512"/>
        <testcase name="test_construct_event_with_override_secret" file="C:\Users\dell\OneDrive\Documents\File Manager\Group1.A-D\C\Code-Base\SDKs\Susu-Digital-SDKs\php\tests\Unit\WebhookHandlerTest.php" line="61" class="SusuDigital\Tests\Unit\WebhookHandlerTest" classname="SusuDigital.Tests.Unit.WebhookHandlerTest" assertions="1" time="0.000315"/>
        <testcase name="test_missing_signature_header_throws" file="C:\Users\dell\OneDrive\Documents\File Manager\Group1.A-D\C\Code-Base\SDKs\Susu-Digital-SDKs\php\tests\Unit\WebhookHandlerTest.php" line="78" class="SusuDigital\Tests\Unit\WebhookHandlerTest" classname="SusuDigital.Tests.Unit.WebhookHandlerTest" assertions="2" time="0.000366"/>
        <testcase name="test_empty_signature_header_throws" file="C:\Users\dell\OneDrive\Documents\File Manager\Group1.A-D\C\Code-Base\SDKs\Susu-Digital-SDKs\php\tests\Unit\WebhookHandlerTest.php" line="87" class="SusuDigital\Tests\Unit\WebhookHandlerTest" classname="SusuDigital.Tests.Unit.WebhookHandlerTest" assertions="1" time="0.000236"/>
        <testcase name="test_malformed_signature_missing_v1_throws" file="C:\Users\dell\OneDrive\Documents\File Manager\Group1.A-D\C\Code-Base\SDKs\Susu-Digital-SDKs\php\tests\Unit\WebhookHandlerTest.php" line="95" class="SusuDigital\Tests\Unit\WebhookHandlerTest" classname="SusuDigital.Tests.Unit.WebhookHandlerTest" assertions="2" time="0.000289"/>
        <testcase name="test_stale_timestamp_throws" file="C:\Users\dell\OneDrive\Documents\File Manager\Group1.A-D\C\Code-Base\SDKs\Susu-Digital-SDKs\php\tests\Unit\WebhookHandlerTest.php" line="104" class="SusuDigital\Tests\Unit\WebhookHandlerTest" classname="SusuDigital.Tests.Unit.WebhookHandlerTest" assertions="2" time="0.000289"/>
        <testcase name="test_wrong_secret_throws" file="C:\Users\dell\OneDrive\Documents\File Manager\Group1.A-D\C\Code-Base\SDKs\Susu-Digital-SDKs\php\tests\Unit\WebhookHandlerTest.php" line="117" class="SusuDigital\Tests\Unit\WebhookHandlerTest" classname="SusuDigital.Tests.Unit.WebhookHandlerTest" assertions="2" time="0.000288"/>
        <testcase name="test_invalid_json_throws" file="C:\Users\dell\OneDrive\Documents\File Manager\Group1.A-D\C\Code-Base\SDKs\Susu-Digital-SDKs\php\tests\Unit\WebhookHandlerTest.php" line="130" class="SusuDigital\Tests\Unit\WebhookHandlerTest" classname="SusuDigital.Tests.Unit.WebhookHandlerTest" assertions="2" time="0.000269"/>
        <testcase name="test_construct_event_bypasses_verification_in_dev_mode" file="C:\Users\dell\OneDrive\Documents\File Manager\Group1.A-D\C\Code-Base\SDKs\Susu-Digital-SDKs\php\tests\Unit\WebhookHandlerTest.php" line="147" class="SusuDigital\Tests\Unit\WebhookHandlerTest" classname="SusuDigital.Tests.Unit.WebhookHandlerTest" assertions="1" time="0.000202"/>
        <testcase name="test_on_registers_and_dispatch_calls_handler" file="C:\Users\dell\OneDrive\Documents\File Manager\Group1.A-D\C\Code-Base\SDKs\Susu-Digital-SDKs\php\tests\Unit\WebhookHandlerTest.php" line="162" class="SusuDigital\Tests\Unit\WebhookHandlerTest" classname="SusuDigital.Tests.Unit.WebhookHandlerTest" assertions="2" time="0.000210"/>
        <testcase name="test_wildcard_handler_receives_all_events" file="C:\Users\dell\OneDrive\Documents\File Manager\Group1.A-D\C\Code-Base\SDKs\Susu-Digital-SDKs\php\tests\Unit\WebhookHandlerTest.php" line="184" class="SusuDigital\Tests\Unit\WebhookHandlerTest" classname="SusuDigital.Tests.Unit.WebhookHandlerTest" assertions="1" time="0.000251"/>
        <testcase name="test_unregistered_event_type_does_not_throw" file="C:\Users\dell\OneDrive\Documents\File Manager\Group1.A-D\C\Code-Base\SDKs\Susu-Digital-SDKs\php\tests\Unit\WebhookHandlerTest.php" line="205" class="SusuDigital\Tests\Unit\WebhookHandlerTest" classname="SusuDigital.Tests.Unit.WebhookHandlerTest" assertions="1" time="0.000179"/>
        <testcase name="test_multiple_handlers_for_same_event_are_all_called" file="C:\Users\dell\OneDrive\Documents\File Manager\Group1.A-D\C\Code-Base\SDKs\Susu-Digital-SDKs\php\tests\Unit\WebhookHandlerTest.php" line="220" class="SusuDigital\Tests\Unit\WebhookHandlerTest" classname="SusuDigital.Tests.Unit.WebhookHandlerTest" assertions="1" time="0.000230"/>
        <testcase name="test_on_returns_handler_for_fluent_chaining" file="C:\Users\dell\OneDrive\Documents\File Manager\Group1.A-D\C\Code-Base\SDKs\Susu-Digital-SDKs\php\tests\Unit\WebhookHandlerTest.php" line="238" class="SusuDigital\Tests\Unit\WebhookHandlerTest" classname="SusuDigital.Tests.Unit.WebhookHandlerTest" assertions="1" time="0.000206"/>
      </testsuite>
    </testsuite>
  </testsuite>
</testsuites>
